<?xml version="1.0" encoding="UTF-8"?>
<!-- Generated by org.testng.reporters.JUnitReportReporter -->
<testsuite skipped="0" hostname="Aditya_PC" name="TatocTest" tests="6" failures="0" timestamp="19 Jun 2018 23:54:57 GMT" time="4.245" errors="0">
  <testcase name="greenBox" time="0.673" classname="TatocTest"/>
  <testcase name="launchPopUp" time="1.675" classname="TatocTest"/>
  <testcase name="basicCource" time="0.383" classname="TatocTest"/>
  <testcase name="dragAndDrop" time="0.442" classname="TatocTest"/>
  <testcase name="matchBox" time="0.715" classname="TatocTest"/>
  <testcase name="cookieAdd" time="0.357" classname="TatocTest"/>
</testsuite> <!-- TatocTest -->
