<?xml version="1.0" encoding="UTF-8"?>
<!-- Generated by org.testng.reporters.JUnitReportReporter -->
<testsuite skipped="0" hostname="Aditya_PC" name="NewTest" tests="1" failures="0" timestamp="19 Jun 2018 20:33:51 GMT" time="2.175" errors="0">
  <testcase name="f" time="2.175" classname="NewTest"/>
</testsuite> <!-- NewTest -->
